2026-01-04 22:44:20,954 [INFO] Training on device: cuda
2026-01-04 22:44:20,954 [INFO] Loading datasets from data/train_dataset.pt and data/val_dataset.pt
2026-01-04 22:44:30,677 [INFO] Dataset sizes: Train=13500, Val=1500
2026-01-04 22:44:30,677 [INFO] Initializing GraphUNet with depth=4, hidden_dim=128
2026-01-04 22:44:30,965 [INFO] Total trainable parameters: 1,316,226
2026-01-04 22:44:31,064 [INFO] Diffusion Verify - t=[0, 50, 99] Noise Stds: 0.0030, 1.2531, 0.6434
2026-01-04 22:45:04,373 [INFO] Epoch 1 Summary - Loss: 0.9133 | Val MSE: 0.862036 | Val Ov: 21218.7 | Val Align: 0.6737 | Time: 26.9s (train) + 6.4s (val)
2026-01-04 22:45:36,917 [INFO] Epoch 2 Summary - Loss: 0.7253 | Val MSE: 0.720425 | Val Ov: 26805.6 | Val Align: 0.6737 | Time: 26.3s (train) + 6.2s (val)
2026-01-04 22:46:09,784 [INFO] Epoch 3 Summary - Loss: 0.5757 | Val MSE: 0.552426 | Val Ov: 43950.6 | Val Align: 0.6738 | Time: 26.7s (train) + 6.2s (val)
2026-01-04 22:46:41,209 [INFO] Epoch 4 Summary - Loss: 0.4884 | Val MSE: 0.538210 | Val Ov: 58155.1 | Val Align: 0.6747 | Time: 25.2s (train) + 6.2s (val)
2026-01-04 22:47:13,874 [INFO] Epoch 5 Summary - Loss: 0.4492 | Val MSE: 0.548912 | Val Ov: 69042.3 | Val Align: 0.6734 | Time: 26.3s (train) + 6.4s (val)
2026-01-04 22:47:45,794 [INFO] Epoch 6 Summary - Loss: 0.4131 | Val MSE: 0.542508 | Val Ov: 70444.4 | Val Align: 0.6722 | Time: 25.8s (train) + 6.1s (val)
2026-01-04 22:48:18,248 [INFO] Epoch 7 Summary - Loss: 0.3944 | Val MSE: 0.511331 | Val Ov: 75398.5 | Val Align: 0.6730 | Time: 26.2s (train) + 6.2s (val)
2026-01-04 22:48:51,255 [INFO] Epoch 8 Summary - Loss: 0.3793 | Val MSE: 0.534228 | Val Ov: 78479.5 | Val Align: 0.6722 | Time: 26.8s (train) + 6.2s (val)
2026-01-04 22:49:23,265 [INFO] Epoch 9 Summary - Loss: 0.3598 | Val MSE: 0.520459 | Val Ov: 80742.7 | Val Align: 0.6723 | Time: 25.7s (train) + 6.3s (val)
2026-01-04 22:49:55,728 [INFO] Epoch 10 Summary - Loss: 0.3531 | Val MSE: 0.529721 | Val Ov: 82734.0 | Val Align: 0.6733 | Time: 26.2s (train) + 6.3s (val)
2026-01-04 22:50:28,250 [INFO] Epoch 11 Summary - Loss: 0.3422 | Val MSE: 0.500219 | Val Ov: 84112.1 | Val Align: 0.6743 | Time: 26.2s (train) + 6.3s (val)
2026-01-04 22:51:01,098 [INFO] Epoch 12 Summary - Loss: 0.3353 | Val MSE: 0.493572 | Val Ov: 83784.6 | Val Align: 0.6736 | Time: 26.6s (train) + 6.3s (val)
2026-01-04 22:51:33,817 [INFO] Epoch 13 Summary - Loss: 0.3305 | Val MSE: 0.485348 | Val Ov: 84096.6 | Val Align: 0.6731 | Time: 26.4s (train) + 6.3s (val)
2026-01-04 22:52:06,700 [INFO] Epoch 14 Summary - Loss: 0.3270 | Val MSE: 0.493210 | Val Ov: 84886.3 | Val Align: 0.6733 | Time: 26.4s (train) + 6.4s (val)
2026-01-04 22:52:40,266 [INFO] Epoch 15 Summary - Loss: 0.3201 | Val MSE: 0.492051 | Val Ov: 83186.1 | Val Align: 0.6731 | Time: 27.2s (train) + 6.4s (val)
2026-01-04 22:53:13,459 [INFO] Epoch 16 Summary - Loss: 0.3104 | Val MSE: 0.485401 | Val Ov: 86669.6 | Val Align: 0.6721 | Time: 26.8s (train) + 6.4s (val)
2026-01-04 22:53:47,003 [INFO] Epoch 17 Summary - Loss: 0.3031 | Val MSE: 0.464076 | Val Ov: 80214.7 | Val Align: 0.6728 | Time: 27.2s (train) + 6.3s (val)
2026-01-04 22:54:19,943 [INFO] Epoch 18 Summary - Loss: 0.2990 | Val MSE: 0.470320 | Val Ov: 85831.8 | Val Align: 0.6729 | Time: 26.5s (train) + 6.4s (val)
2026-01-04 22:54:52,679 [INFO] Epoch 19 Summary - Loss: 0.2909 | Val MSE: 0.480604 | Val Ov: 86918.9 | Val Align: 0.6708 | Time: 26.5s (train) + 6.3s (val)
2026-01-04 22:55:25,677 [INFO] Epoch 20 Summary - Loss: 0.2888 | Val MSE: 0.466943 | Val Ov: 88232.4 | Val Align: 0.6726 | Time: 26.6s (train) + 6.4s (val)
2026-01-04 22:55:58,958 [INFO] Epoch 21 Summary - Loss: 0.2864 | Val MSE: 0.486596 | Val Ov: 87362.1 | Val Align: 0.6730 | Time: 26.9s (train) + 6.4s (val)
2026-01-04 22:56:32,800 [INFO] Epoch 22 Summary - Loss: 0.2825 | Val MSE: 0.481852 | Val Ov: 91162.0 | Val Align: 0.6722 | Time: 27.4s (train) + 6.4s (val)
2026-01-04 22:57:06,329 [INFO] Epoch 23 Summary - Loss: 0.2758 | Val MSE: 0.466011 | Val Ov: 90329.9 | Val Align: 0.6713 | Time: 27.1s (train) + 6.4s (val)
2026-01-04 22:57:39,856 [INFO] Epoch 24 Summary - Loss: 0.2729 | Val MSE: 0.457309 | Val Ov: 85743.0 | Val Align: 0.6739 | Time: 27.2s (train) + 6.4s (val)
2026-01-04 22:58:12,734 [INFO] Epoch 25 Summary - Loss: 0.2724 | Val MSE: 0.471662 | Val Ov: 92644.7 | Val Align: 0.6742 | Time: 26.5s (train) + 6.4s (val)
2026-01-04 22:58:46,245 [INFO] Epoch 26 Summary - Loss: 0.2685 | Val MSE: 0.446436 | Val Ov: 86826.1 | Val Align: 0.6721 | Time: 27.2s (train) + 6.3s (val)
2026-01-04 22:59:19,232 [INFO] Epoch 27 Summary - Loss: 0.2698 | Val MSE: 0.456723 | Val Ov: 85946.7 | Val Align: 0.6746 | Time: 26.6s (train) + 6.4s (val)
2026-01-04 22:59:52,399 [INFO] Epoch 28 Summary - Loss: 0.2636 | Val MSE: 0.479157 | Val Ov: 95447.9 | Val Align: 0.6745 | Time: 26.8s (train) + 6.4s (val)
2026-01-04 23:00:26,350 [INFO] Epoch 29 Summary - Loss: 0.2546 | Val MSE: 0.478531 | Val Ov: 99965.3 | Val Align: 0.6733 | Time: 27.4s (train) + 6.6s (val)
2026-01-04 23:01:00,706 [INFO] Epoch 30 Summary - Loss: 0.2567 | Val MSE: 0.461748 | Val Ov: 94234.7 | Val Align: 0.6731 | Time: 27.9s (train) + 6.5s (val)
2026-01-04 23:01:34,302 [INFO] Epoch 31 Summary - Loss: 0.2581 | Val MSE: 0.492237 | Val Ov: 100426.6 | Val Align: 0.6726 | Time: 27.2s (train) + 6.4s (val)
2026-01-04 23:02:07,497 [INFO] Epoch 32 Summary - Loss: 0.2520 | Val MSE: 0.469084 | Val Ov: 95707.2 | Val Align: 0.6735 | Time: 26.8s (train) + 6.4s (val)
2026-01-04 23:02:40,531 [INFO] Epoch 33 Summary - Loss: 0.2520 | Val MSE: 0.483279 | Val Ov: 99023.3 | Val Align: 0.6717 | Time: 26.6s (train) + 6.4s (val)
2026-01-04 23:03:13,718 [INFO] Epoch 34 Summary - Loss: 0.2514 | Val MSE: 0.486738 | Val Ov: 97647.6 | Val Align: 0.6730 | Time: 26.7s (train) + 6.5s (val)
2026-01-04 23:03:47,816 [INFO] Epoch 35 Summary - Loss: 0.2475 | Val MSE: 0.492270 | Val Ov: 100896.8 | Val Align: 0.6725 | Time: 27.6s (train) + 6.5s (val)
2026-01-04 23:04:21,821 [INFO] Epoch 36 Summary - Loss: 0.2447 | Val MSE: 0.469038 | Val Ov: 99154.1 | Val Align: 0.6734 | Time: 27.4s (train) + 6.6s (val)
2026-01-04 23:04:55,649 [INFO] Epoch 37 Summary - Loss: 0.2427 | Val MSE: 0.472782 | Val Ov: 98756.3 | Val Align: 0.6730 | Time: 27.3s (train) + 6.5s (val)
2026-01-04 23:05:29,267 [INFO] Epoch 38 Summary - Loss: 0.2396 | Val MSE: 0.474382 | Val Ov: 99929.5 | Val Align: 0.6743 | Time: 27.1s (train) + 6.5s (val)
2026-01-04 23:06:02,949 [INFO] Epoch 39 Summary - Loss: 0.2398 | Val MSE: 0.447037 | Val Ov: 90467.7 | Val Align: 0.6722 | Time: 27.2s (train) + 6.5s (val)
2026-01-04 23:06:37,121 [INFO] Epoch 40 Summary - Loss: 0.2354 | Val MSE: 0.473299 | Val Ov: 96407.4 | Val Align: 0.6720 | Time: 27.7s (train) + 6.5s (val)
2026-01-04 23:07:10,992 [INFO] Epoch 41 Summary - Loss: 0.2379 | Val MSE: 0.481586 | Val Ov: 101139.0 | Val Align: 0.6708 | Time: 27.3s (train) + 6.6s (val)
2026-01-04 23:07:44,555 [INFO] Epoch 42 Summary - Loss: 0.2334 | Val MSE: 0.481779 | Val Ov: 101242.9 | Val Align: 0.6731 | Time: 27.1s (train) + 6.4s (val)
2026-01-04 23:08:18,683 [INFO] Epoch 43 Summary - Loss: 0.2305 | Val MSE: 0.485096 | Val Ov: 104444.5 | Val Align: 0.6727 | Time: 27.5s (train) + 6.6s (val)
2026-01-04 23:08:53,328 [INFO] Epoch 44 Summary - Loss: 0.2325 | Val MSE: 0.487037 | Val Ov: 102100.2 | Val Align: 0.6724 | Time: 28.2s (train) + 6.5s (val)
2026-01-04 23:09:27,339 [INFO] Epoch 45 Summary - Loss: 0.2289 | Val MSE: 0.460521 | Val Ov: 96179.9 | Val Align: 0.6726 | Time: 27.5s (train) + 6.6s (val)
2026-01-04 23:10:00,894 [INFO] Epoch 46 Summary - Loss: 0.2267 | Val MSE: 0.479411 | Val Ov: 104851.8 | Val Align: 0.6732 | Time: 27.1s (train) + 6.5s (val)
2026-01-04 23:10:34,503 [INFO] Epoch 47 Summary - Loss: 0.2252 | Val MSE: 0.491516 | Val Ov: 108737.4 | Val Align: 0.6734 | Time: 27.0s (train) + 6.6s (val)
2026-01-04 23:11:07,834 [INFO] Epoch 48 Summary - Loss: 0.2218 | Val MSE: 0.472356 | Val Ov: 99956.7 | Val Align: 0.6743 | Time: 26.9s (train) + 6.5s (val)
2026-01-04 23:11:41,763 [INFO] Epoch 49 Summary - Loss: 0.2221 | Val MSE: 0.468074 | Val Ov: 101103.2 | Val Align: 0.6727 | Time: 27.5s (train) + 6.5s (val)
2026-01-04 23:12:15,690 [INFO] Epoch 50 Summary - Loss: 0.2233 | Val MSE: 0.473119 | Val Ov: 94754.9 | Val Align: 0.6742 | Time: 27.4s (train) + 6.6s (val)
2026-01-04 23:12:50,252 [INFO] Epoch 51 Summary - Loss: 0.2197 | Val MSE: 0.463639 | Val Ov: 92909.1 | Val Align: 0.6750 | Time: 28.0s (train) + 6.5s (val)
2026-01-04 23:13:24,439 [INFO] Epoch 52 Summary - Loss: 0.2238 | Val MSE: 0.484580 | Val Ov: 104760.9 | Val Align: 0.6718 | Time: 27.6s (train) + 6.5s (val)
2026-01-04 23:13:58,546 [INFO] Epoch 53 Summary - Loss: 0.2222 | Val MSE: 0.457738 | Val Ov: 105476.3 | Val Align: 0.6730 | Time: 27.6s (train) + 6.6s (val)
2026-01-04 23:14:31,835 [INFO] Epoch 54 Summary - Loss: 0.2201 | Val MSE: 0.475855 | Val Ov: 100065.3 | Val Align: 0.6716 | Time: 26.8s (train) + 6.5s (val)
2026-01-04 23:15:05,114 [INFO] Epoch 55 Summary - Loss: 0.2208 | Val MSE: 0.453316 | Val Ov: 98700.0 | Val Align: 0.6725 | Time: 26.7s (train) + 6.6s (val)
2026-01-04 23:15:38,686 [INFO] Epoch 56 Summary - Loss: 0.2218 | Val MSE: 0.465503 | Val Ov: 102657.1 | Val Align: 0.6742 | Time: 27.0s (train) + 6.5s (val)
2026-01-04 23:16:12,618 [INFO] Epoch 57 Summary - Loss: 0.2199 | Val MSE: 0.497427 | Val Ov: 101985.6 | Val Align: 0.6719 | Time: 27.3s (train) + 6.7s (val)
2026-01-04 23:16:47,686 [INFO] Epoch 58 Summary - Loss: 0.2197 | Val MSE: 0.487801 | Val Ov: 102252.9 | Val Align: 0.6712 | Time: 28.5s (train) + 6.6s (val)
2026-01-04 23:17:21,967 [INFO] Epoch 59 Summary - Loss: 0.2243 | Val MSE: 0.473211 | Val Ov: 104023.8 | Val Align: 0.6737 | Time: 27.8s (train) + 6.5s (val)
2026-01-04 23:17:56,394 [INFO] Epoch 60 Summary - Loss: 0.2224 | Val MSE: 0.477652 | Val Ov: 101191.7 | Val Align: 0.6727 | Time: 27.8s (train) + 6.6s (val)
2026-01-04 23:18:32,881 [INFO] Epoch 61 Summary - Loss: 0.2225 | Val MSE: 0.485592 | Val Ov: 102475.6 | Val Align: 0.6748 | Time: 29.2s (train) + 7.3s (val)
2026-01-04 23:19:08,789 [INFO] Epoch 62 Summary - Loss: 0.2219 | Val MSE: 0.484236 | Val Ov: 104175.9 | Val Align: 0.6730 | Time: 29.4s (train) + 6.5s (val)
2026-01-04 23:19:43,248 [INFO] Epoch 63 Summary - Loss: 0.2192 | Val MSE: 0.489944 | Val Ov: 108028.1 | Val Align: 0.6724 | Time: 27.8s (train) + 6.6s (val)
2026-01-04 23:20:17,980 [INFO] Epoch 64 Summary - Loss: 0.2190 | Val MSE: 0.471209 | Val Ov: 102071.3 | Val Align: 0.6733 | Time: 28.0s (train) + 6.8s (val)
2026-01-04 23:20:52,120 [INFO] Epoch 65 Summary - Loss: 0.2200 | Val MSE: 0.462865 | Val Ov: 98554.7 | Val Align: 0.6726 | Time: 27.5s (train) + 6.6s (val)
2026-01-04 23:21:26,805 [INFO] Epoch 66 Summary - Loss: 0.2154 | Val MSE: 0.466145 | Val Ov: 100679.3 | Val Align: 0.6736 | Time: 28.1s (train) + 6.6s (val)
2026-01-04 23:22:01,731 [INFO] Epoch 67 Summary - Loss: 0.2200 | Val MSE: 0.477088 | Val Ov: 108313.3 | Val Align: 0.6721 | Time: 27.9s (train) + 7.0s (val)
2026-01-04 23:22:35,576 [INFO] Epoch 68 Summary - Loss: 0.2232 | Val MSE: 0.461311 | Val Ov: 93933.9 | Val Align: 0.6720 | Time: 27.4s (train) + 6.5s (val)
2026-01-04 23:23:09,170 [INFO] Epoch 69 Summary - Loss: 0.2189 | Val MSE: 0.473336 | Val Ov: 98904.1 | Val Align: 0.6734 | Time: 27.1s (train) + 6.5s (val)
2026-01-04 23:23:42,191 [INFO] Epoch 70 Summary - Loss: 0.2186 | Val MSE: 0.488720 | Val Ov: 104274.9 | Val Align: 0.6723 | Time: 26.6s (train) + 6.4s (val)
2026-01-04 23:24:16,013 [INFO] Epoch 71 Summary - Loss: 0.2209 | Val MSE: 0.493150 | Val Ov: 103756.1 | Val Align: 0.6736 | Time: 26.9s (train) + 6.9s (val)
2026-01-04 23:24:49,848 [INFO] Epoch 72 Summary - Loss: 0.2205 | Val MSE: 0.470985 | Val Ov: 99751.7 | Val Align: 0.6730 | Time: 27.4s (train) + 6.4s (val)
2026-01-04 23:25:24,074 [INFO] Epoch 73 Summary - Loss: 0.2238 | Val MSE: 0.463305 | Val Ov: 100916.0 | Val Align: 0.6734 | Time: 27.8s (train) + 6.4s (val)
2026-01-04 23:25:56,829 [INFO] Epoch 74 Summary - Loss: 0.2255 | Val MSE: 0.487251 | Val Ov: 102550.1 | Val Align: 0.6743 | Time: 26.4s (train) + 6.4s (val)
2026-01-04 23:33:05,350 [INFO] Training on device: cuda
2026-01-04 23:33:05,350 [INFO] Loading datasets from tests/temp_data/train.pt and tests/temp_data/val.pt
2026-01-04 23:33:05,357 [INFO] Dataset sizes: Train=32, Val=8
2026-01-04 23:33:05,357 [INFO] Initializing GraphUNet with depth=2, hidden_dim=64
2026-01-04 23:33:05,628 [INFO] Total trainable parameters: 182,338
2026-01-04 23:33:05,690 [INFO] Diffusion Verify - t=[0, 50, 99] Noise Stds: 0.0026, 0.1254, 0.0271
2026-01-04 23:33:06,297 [INFO] Epoch 1 Summary - Loss: 1.0608 | Val MSE: 0.994753 | Val Ov: 482.7 | Val Align: 0.8750 | Time: 0.6s (train) + 0.0s (val)
2026-01-04 23:33:06,400 [INFO] Epoch 2 Summary - Loss: 1.0093 | Val MSE: 0.896838 | Val Ov: 1810.3 | Val Align: 0.8750 | Time: 0.1s (train) + 0.0s (val)
2026-01-04 23:33:06,502 [INFO] Epoch 3 Summary - Loss: 0.9197 | Val MSE: 0.983014 | Val Ov: 1270.6 | Val Align: 0.8750 | Time: 0.1s (train) + 0.0s (val)
2026-01-04 23:33:06,612 [INFO] Epoch 4 Summary - Loss: 1.0385 | Val MSE: 0.872318 | Val Ov: 691.4 | Val Align: 0.8750 | Time: 0.1s (train) + 0.0s (val)
2026-01-04 23:33:06,714 [INFO] Epoch 5 Summary - Loss: 0.9473 | Val MSE: 0.970603 | Val Ov: 555.5 | Val Align: 0.7500 | Time: 0.1s (train) + 0.0s (val)
2026-01-04 23:33:06,814 [INFO] Epoch 6 Summary - Loss: 0.9729 | Val MSE: 0.831581 | Val Ov: 612.0 | Val Align: 0.8750 | Time: 0.1s (train) + 0.0s (val)
2026-01-04 23:33:06,907 [INFO] Epoch 7 Summary - Loss: 0.9462 | Val MSE: 0.777060 | Val Ov: 881.2 | Val Align: 0.8750 | Time: 0.1s (train) + 0.0s (val)
2026-01-04 23:33:06,999 [INFO] Epoch 8 Summary - Loss: 1.0240 | Val MSE: 0.875733 | Val Ov: 671.5 | Val Align: 0.7500 | Time: 0.1s (train) + 0.0s (val)
2026-01-04 23:33:07,097 [INFO] Epoch 9 Summary - Loss: 0.9757 | Val MSE: 0.949502 | Val Ov: 959.6 | Val Align: 0.8750 | Time: 0.1s (train) + 0.0s (val)
2026-01-04 23:33:07,192 [INFO] Epoch 10 Summary - Loss: 1.0351 | Val MSE: 0.957059 | Val Ov: 1726.2 | Val Align: 0.8750 | Time: 0.1s (train) + 0.0s (val)
2026-01-04 23:33:07,205 [INFO] Training finished. Model saved to restorer_model.pth
2026-01-04 23:34:27,488 [INFO] Training on device: cuda
2026-01-04 23:34:27,488 [INFO] Loading datasets from tests/temp_data/train.pt and tests/temp_data/val.pt
2026-01-04 23:34:27,494 [INFO] Dataset sizes: Train=32, Val=8
2026-01-04 23:34:27,494 [INFO] Initializing GraphUNet with depth=2, hidden_dim=64
2026-01-04 23:34:27,650 [INFO] Total trainable parameters: 182,338
2026-01-04 23:34:27,699 [INFO] Diffusion Verify - t=[0, 50, 99] Noise Stds: 0.0063, 0.0638, 0.8235
2026-01-04 23:34:28,310 [INFO] Epoch 1 Summary - Loss: 1.0463 | Val MSE: 0.920806 | Val Ov: 625.1 | Val Align: 0.8750 | Time: 0.6s (train) + 0.0s (val)
2026-01-04 23:34:28,403 [INFO] Epoch 2 Summary - Loss: 0.9198 | Val MSE: 1.147250 | Val Ov: 946.9 | Val Align: 0.8750 | Time: 0.1s (train) + 0.0s (val)
2026-01-04 23:34:28,503 [INFO] Epoch 3 Summary - Loss: 0.8378 | Val MSE: 0.822854 | Val Ov: 1642.4 | Val Align: 0.8750 | Time: 0.1s (train) + 0.0s (val)
2026-01-04 23:34:28,599 [INFO] Epoch 4 Summary - Loss: 0.9474 | Val MSE: 0.914878 | Val Ov: 993.3 | Val Align: 0.8750 | Time: 0.1s (train) + 0.0s (val)
2026-01-04 23:34:28,689 [INFO] Epoch 5 Summary - Loss: 0.8180 | Val MSE: 0.834112 | Val Ov: 1230.9 | Val Align: 0.8750 | Time: 0.1s (train) + 0.0s (val)
2026-01-04 23:34:28,787 [INFO] Epoch 6 Summary - Loss: 0.8074 | Val MSE: 1.034914 | Val Ov: 1211.6 | Val Align: 0.8750 | Time: 0.1s (train) + 0.0s (val)
2026-01-04 23:34:28,878 [INFO] Epoch 7 Summary - Loss: 0.8284 | Val MSE: 0.786769 | Val Ov: 1067.0 | Val Align: 0.8750 | Time: 0.1s (train) + 0.0s (val)
2026-01-04 23:34:28,972 [INFO] Epoch 8 Summary - Loss: 0.8209 | Val MSE: 0.847825 | Val Ov: 880.2 | Val Align: 0.8750 | Time: 0.1s (train) + 0.0s (val)
2026-01-04 23:34:29,058 [INFO] Epoch 9 Summary - Loss: 0.7190 | Val MSE: 0.890894 | Val Ov: 1315.5 | Val Align: 0.8750 | Time: 0.1s (train) + 0.0s (val)
2026-01-04 23:34:29,145 [INFO] Epoch 10 Summary - Loss: 0.9012 | Val MSE: 0.632565 | Val Ov: 2351.2 | Val Align: 0.7500 | Time: 0.1s (train) + 0.0s (val)
2026-01-04 23:34:29,237 [INFO] Epoch 11 Summary - Loss: 0.7888 | Val MSE: 0.832830 | Val Ov: 1616.1 | Val Align: 0.8750 | Time: 0.1s (train) + 0.0s (val)
2026-01-04 23:34:29,332 [INFO] Epoch 12 Summary - Loss: 0.8801 | Val MSE: 0.691505 | Val Ov: 1047.6 | Val Align: 1.0000 | Time: 0.1s (train) + 0.0s (val)
2026-01-04 23:34:29,427 [INFO] Epoch 13 Summary - Loss: 0.8243 | Val MSE: 0.851869 | Val Ov: 363.9 | Val Align: 0.8750 | Time: 0.1s (train) + 0.0s (val)
2026-01-04 23:34:29,522 [INFO] Epoch 14 Summary - Loss: 0.7309 | Val MSE: 1.019881 | Val Ov: 1471.4 | Val Align: 0.8750 | Time: 0.1s (train) + 0.0s (val)
2026-01-04 23:34:29,611 [INFO] Epoch 15 Summary - Loss: 0.8303 | Val MSE: 0.771716 | Val Ov: 2104.3 | Val Align: 0.8750 | Time: 0.1s (train) + 0.0s (val)
2026-01-04 23:34:29,702 [INFO] Epoch 16 Summary - Loss: 0.7146 | Val MSE: 0.778513 | Val Ov: 2085.1 | Val Align: 0.8750 | Time: 0.1s (train) + 0.0s (val)
2026-01-04 23:34:29,792 [INFO] Epoch 17 Summary - Loss: 0.8076 | Val MSE: 0.731006 | Val Ov: 1261.8 | Val Align: 0.8750 | Time: 0.1s (train) + 0.0s (val)
2026-01-04 23:34:29,887 [INFO] Epoch 18 Summary - Loss: 0.8449 | Val MSE: 0.912686 | Val Ov: 719.5 | Val Align: 0.8750 | Time: 0.1s (train) + 0.0s (val)
2026-01-04 23:34:29,986 [INFO] Epoch 19 Summary - Loss: 0.7120 | Val MSE: 0.821682 | Val Ov: 1371.8 | Val Align: 0.8750 | Time: 0.1s (train) + 0.0s (val)
2026-01-04 23:34:30,081 [INFO] Epoch 20 Summary - Loss: 0.7202 | Val MSE: 0.803648 | Val Ov: 371.1 | Val Align: 0.7500 | Time: 0.1s (train) + 0.0s (val)
2026-01-04 23:34:30,172 [INFO] Epoch 21 Summary - Loss: 0.8108 | Val MSE: 0.749901 | Val Ov: 874.8 | Val Align: 0.8750 | Time: 0.1s (train) + 0.0s (val)
2026-01-04 23:34:30,262 [INFO] Epoch 22 Summary - Loss: 0.6711 | Val MSE: 0.680689 | Val Ov: 1772.1 | Val Align: 0.8750 | Time: 0.1s (train) + 0.0s (val)
2026-01-04 23:34:30,353 [INFO] Epoch 23 Summary - Loss: 0.8133 | Val MSE: 0.646300 | Val Ov: 3387.5 | Val Align: 0.7500 | Time: 0.1s (train) + 0.0s (val)
2026-01-04 23:34:30,445 [INFO] Epoch 24 Summary - Loss: 0.7449 | Val MSE: 0.671869 | Val Ov: 2829.9 | Val Align: 0.8750 | Time: 0.1s (train) + 0.0s (val)
2026-01-04 23:34:30,541 [INFO] Epoch 25 Summary - Loss: 0.8107 | Val MSE: 0.823324 | Val Ov: 1673.7 | Val Align: 0.7500 | Time: 0.1s (train) + 0.0s (val)
2026-01-04 23:34:30,645 [INFO] Epoch 26 Summary - Loss: 0.7489 | Val MSE: 0.771355 | Val Ov: 2244.6 | Val Align: 1.0000 | Time: 0.1s (train) + 0.0s (val)
2026-01-04 23:34:30,735 [INFO] Epoch 27 Summary - Loss: 0.7887 | Val MSE: 0.552162 | Val Ov: 2058.9 | Val Align: 0.8750 | Time: 0.1s (train) + 0.0s (val)
2026-01-04 23:34:30,868 [INFO] Epoch 28 Summary - Loss: 0.7256 | Val MSE: 0.812521 | Val Ov: 2859.8 | Val Align: 0.7500 | Time: 0.1s (train) + 0.0s (val)
2026-01-04 23:34:31,000 [INFO] Epoch 29 Summary - Loss: 0.6460 | Val MSE: 0.730232 | Val Ov: 1734.0 | Val Align: 0.8750 | Time: 0.1s (train) + 0.0s (val)
2026-01-04 23:34:31,089 [INFO] Epoch 30 Summary - Loss: 0.7785 | Val MSE: 0.739340 | Val Ov: 1743.5 | Val Align: 0.8750 | Time: 0.1s (train) + 0.0s (val)
2026-01-04 23:34:31,181 [INFO] Epoch 31 Summary - Loss: 0.8093 | Val MSE: 0.782176 | Val Ov: 3004.5 | Val Align: 0.7500 | Time: 0.1s (train) + 0.0s (val)
2026-01-04 23:34:31,354 [INFO] Epoch 32 Summary - Loss: 0.7847 | Val MSE: 0.652348 | Val Ov: 1138.7 | Val Align: 0.8750 | Time: 0.1s (train) + 0.0s (val)
2026-01-04 23:34:31,510 [INFO] Epoch 33 Summary - Loss: 0.8031 | Val MSE: 0.633768 | Val Ov: 2114.6 | Val Align: 0.8750 | Time: 0.1s (train) + 0.0s (val)
2026-01-04 23:34:31,624 [INFO] Epoch 34 Summary - Loss: 0.7759 | Val MSE: 0.795740 | Val Ov: 918.5 | Val Align: 0.8750 | Time: 0.1s (train) + 0.0s (val)
2026-01-04 23:34:31,743 [INFO] Epoch 35 Summary - Loss: 0.7699 | Val MSE: 0.669156 | Val Ov: 1078.0 | Val Align: 0.8750 | Time: 0.1s (train) + 0.0s (val)
2026-01-04 23:34:31,853 [INFO] Epoch 36 Summary - Loss: 0.7607 | Val MSE: 0.773081 | Val Ov: 1209.0 | Val Align: 0.8750 | Time: 0.1s (train) + 0.0s (val)
2026-01-04 23:34:31,956 [INFO] Epoch 37 Summary - Loss: 0.6949 | Val MSE: 0.684557 | Val Ov: 2499.2 | Val Align: 0.8750 | Time: 0.1s (train) + 0.0s (val)
2026-01-04 23:34:32,055 [INFO] Epoch 38 Summary - Loss: 0.8296 | Val MSE: 0.731576 | Val Ov: 768.2 | Val Align: 0.8750 | Time: 0.1s (train) + 0.0s (val)
2026-01-04 23:34:32,151 [INFO] Epoch 39 Summary - Loss: 0.7688 | Val MSE: 0.823776 | Val Ov: 1186.5 | Val Align: 0.8750 | Time: 0.1s (train) + 0.0s (val)
2026-01-04 23:34:32,247 [INFO] Epoch 40 Summary - Loss: 0.8321 | Val MSE: 0.762664 | Val Ov: 1593.6 | Val Align: 0.8750 | Time: 0.1s (train) + 0.0s (val)
2026-01-04 23:34:32,347 [INFO] Epoch 41 Summary - Loss: 0.6938 | Val MSE: 0.771198 | Val Ov: 1880.2 | Val Align: 0.8750 | Time: 0.1s (train) + 0.0s (val)
2026-01-04 23:34:32,479 [INFO] Epoch 42 Summary - Loss: 0.7996 | Val MSE: 0.701670 | Val Ov: 1063.1 | Val Align: 0.8750 | Time: 0.1s (train) + 0.0s (val)
2026-01-04 23:34:32,623 [INFO] Epoch 43 Summary - Loss: 0.8772 | Val MSE: 0.735703 | Val Ov: 2377.8 | Val Align: 0.8750 | Time: 0.1s (train) + 0.0s (val)
2026-01-04 23:34:32,742 [INFO] Epoch 44 Summary - Loss: 0.6980 | Val MSE: 0.687819 | Val Ov: 2586.9 | Val Align: 0.8750 | Time: 0.1s (train) + 0.0s (val)
2026-01-04 23:34:32,866 [INFO] Epoch 45 Summary - Loss: 0.7114 | Val MSE: 0.803245 | Val Ov: 1489.5 | Val Align: 0.7500 | Time: 0.1s (train) + 0.0s (val)
2026-01-04 23:34:33,021 [INFO] Epoch 46 Summary - Loss: 0.8147 | Val MSE: 0.777156 | Val Ov: 1921.6 | Val Align: 0.8750 | Time: 0.1s (train) + 0.0s (val)
2026-01-04 23:34:33,127 [INFO] Epoch 47 Summary - Loss: 0.7911 | Val MSE: 0.802218 | Val Ov: 2683.8 | Val Align: 0.8750 | Time: 0.1s (train) + 0.0s (val)
2026-01-04 23:34:33,228 [INFO] Epoch 48 Summary - Loss: 0.7663 | Val MSE: 0.738760 | Val Ov: 1478.2 | Val Align: 0.7500 | Time: 0.1s (train) + 0.0s (val)
2026-01-04 23:34:33,332 [INFO] Epoch 49 Summary - Loss: 0.6688 | Val MSE: 0.752607 | Val Ov: 1312.9 | Val Align: 0.7500 | Time: 0.1s (train) + 0.0s (val)
2026-01-04 23:34:33,435 [INFO] Epoch 50 Summary - Loss: 0.7708 | Val MSE: 0.754988 | Val Ov: 1527.2 | Val Align: 0.8750 | Time: 0.1s (train) + 0.0s (val)
2026-01-04 23:34:33,446 [INFO] Training finished. Model saved to restorer_model.pth
